2022-07-19 14:21:21,683 [INFO] Activator:177 - 


2022-07-19 14:21:21,685 [INFO] Activator:178 - !SESSION log4j initialized
2022-07-19 14:21:45,681 [ERROR] LogOutputStream:74 - [STDERR_REDIRECT] SLF4J: Failed to load class "org.slf4j.impl.StaticLoggerBinder".
2022-07-19 14:21:45,682 [ERROR] LogOutputStream:74 - [STDERR_REDIRECT] SLF4J: Defaulting to no-operation (NOP) logger implementation
2022-07-19 14:21:45,684 [ERROR] LogOutputStream:74 - [STDERR_REDIRECT] SLF4J: See http://www.slf4j.org/codes.html#StaticLoggerBinder for further details.
2022-07-19 14:25:26,025 [INFO] McuFinderGlobals:44 - Set McuFinder mode to 2 (CubeIDE integrated)
2022-07-19 14:25:26,649 [INFO] ApplicationProperties:181 - Using Application install path: C:\ST\STM32CubeIDE_1.10.1\STM32CubeIDE\plugins\com.st.stm32cube.common.mx_6.6.1.202207061420
2022-07-19 14:25:26,673 [INFO] DbMcusXml:77 - Set database path to: C:\ST\STM32CubeIDE_1.10.1\STM32CubeIDE\plugins\com.st.stm32cube.common.mx_6.6.1.202207061420\\db\/mcu/
2022-07-19 14:25:26,673 [INFO] ApiDb:269 - Set plugin database path to: C:\ST\STM32CubeIDE_1.10.1\STM32CubeIDE\plugins\com.st.stm32cube.common.mx_6.6.1.202207061420\\db\/plugins/boardmanager/
2022-07-19 14:25:26,675 [WARN] ApiDb:254 - Overriding images path with different value:  => C:\ST\STM32CubeIDE_1.10.1\STM32CubeIDE\plugins\com.st.stm32cube.common.mx_6.6.1.202207061420\\db\/plugins/mcufinder/images/
2022-07-19 14:25:28,054 [ERROR] ApiFinderProperties:228 - Failed to read file additional_hw_images/X-NUCLEO-S2915A1.jpg: C:\Users\User\.stmcufinder\plugins\mcufinder\mcu\additional_hw_images\X-NUCLEO-S2915A1.jpg (Системе не удается найти указанный путь)
2022-07-19 14:25:28,056 [ERROR] ApiFinderProperties:228 - Failed to read file additional_hw_images/X-NUCLEO-S2868A2.jpg: C:\Users\User\.stmcufinder\plugins\mcufinder\mcu\additional_hw_images\X-NUCLEO-S2868A2.jpg (Системе не удается найти указанный путь)
2022-07-19 14:25:28,059 [ERROR] ApiFinderProperties:228 - Failed to read file additional_hw_images/X-NUCLEO-S2868A1.jpg: C:\Users\User\.stmcufinder\plugins\mcufinder\mcu\additional_hw_images\X-NUCLEO-S2868A1.jpg (Системе не удается найти указанный путь)
2022-07-19 14:25:28,062 [ERROR] ApiFinderProperties:228 - Failed to read file additional_hw_images/X-NUCLEO-NFC07A1.jpg: C:\Users\User\.stmcufinder\plugins\mcufinder\mcu\additional_hw_images\X-NUCLEO-NFC07A1.jpg (Системе не удается найти указанный путь)
2022-07-19 14:25:28,069 [ERROR] ApiFinderProperties:228 - Failed to read file additional_hw_images/X-NUCLEO-NFC04A1.jpg: C:\Users\User\.stmcufinder\plugins\mcufinder\mcu\additional_hw_images\X-NUCLEO-NFC04A1.jpg (Системе не удается найти указанный путь)
2022-07-19 14:25:28,072 [ERROR] ApiFinderProperties:228 - Failed to read file additional_hw_images/X-NUCLEO-IKS02A1.jpg: C:\Users\User\.stmcufinder\plugins\mcufinder\mcu\additional_hw_images\X-NUCLEO-IKS02A1.jpg (Системе не удается найти указанный путь)
2022-07-19 14:25:28,076 [ERROR] ApiFinderProperties:228 - Failed to read file additional_hw_images/X-NUCLEO-IKS01A3.jpg: C:\Users\User\.stmcufinder\plugins\mcufinder\mcu\additional_hw_images\X-NUCLEO-IKS01A3.jpg (Системе не удается найти указанный путь)
2022-07-19 14:25:28,082 [ERROR] ApiFinderProperties:228 - Failed to read file additional_hw_images/X-NUCLEO-IKS01A2.jpg: C:\Users\User\.stmcufinder\plugins\mcufinder\mcu\additional_hw_images\X-NUCLEO-IKS01A2.jpg (Системе не удается найти указанный путь)
2022-07-19 14:25:28,087 [ERROR] ApiFinderProperties:228 - Failed to read file additional_hw_images/X-NUCLEO-IDB05A2.jpg: C:\Users\User\.stmcufinder\plugins\mcufinder\mcu\additional_hw_images\X-NUCLEO-IDB05A2.jpg (Системе не удается найти указанный путь)
2022-07-19 14:25:28,088 [ERROR] ApiFinderProperties:228 - Failed to read file additional_hw_images/X-NUCLEO-GNSS1A1.jpg: C:\Users\User\.stmcufinder\plugins\mcufinder\mcu\additional_hw_images\X-NUCLEO-GNSS1A1.jpg (Системе не удается найти указанный путь)
2022-07-19 14:25:28,091 [ERROR] ApiFinderProperties:228 - Failed to read file additional_hw_images/X-NUCLEO-EEPRMA2.jpg: C:\Users\User\.stmcufinder\plugins\mcufinder\mcu\additional_hw_images\X-NUCLEO-EEPRMA2.jpg (Системе не удается найти указанный путь)
2022-07-19 14:25:28,094 [ERROR] ApiFinderProperties:228 - Failed to read file additional_hw_images/X-NUCLEO-EEPRMA1.jpg: C:\Users\User\.stmcufinder\plugins\mcufinder\mcu\additional_hw_images\X-NUCLEO-EEPRMA1.jpg (Системе не удается найти указанный путь)
2022-07-19 14:25:28,095 [ERROR] ApiFinderProperties:228 - Failed to read file additional_hw_images/X-NUCLEO-BNRG2A1.jpg: C:\Users\User\.stmcufinder\plugins\mcufinder\mcu\additional_hw_images\X-NUCLEO-BNRG2A1.jpg (Системе не удается найти указанный путь)
2022-07-19 14:25:28,099 [ERROR] ApiFinderProperties:228 - Failed to read file additional_hw_images/X-NUCLEO-6283A1.jpg: C:\Users\User\.stmcufinder\plugins\mcufinder\mcu\additional_hw_images\X-NUCLEO-6283A1.jpg (Системе не удается найти указанный путь)
2022-07-19 14:25:28,101 [ERROR] ApiFinderProperties:228 - Failed to read file additional_hw_images/VD6283TX.jpg: C:\Users\User\.stmcufinder\plugins\mcufinder\mcu\additional_hw_images\VD6283TX.jpg (Системе не удается найти указанный путь)
2022-07-19 14:25:28,103 [ERROR] ApiFinderProperties:228 - Failed to read file additional_hw_images/Teseo-LIV3F.jpg: C:\Users\User\.stmcufinder\plugins\mcufinder\mcu\additional_hw_images\Teseo-LIV3F.jpg (Системе не удается найти указанный путь)
2022-07-19 14:25:28,104 [ERROR] ApiFinderProperties:228 - Failed to read file additional_hw_images/STTS751.jpg: C:\Users\User\.stmcufinder\plugins\mcufinder\mcu\additional_hw_images\STTS751.jpg (Системе не удается найти указанный путь)
2022-07-19 14:25:28,104 [ERROR] ApiFinderProperties:228 - Failed to read file additional_hw_images/STEVAL-MKI209V1K.jpg: C:\Users\User\.stmcufinder\plugins\mcufinder\mcu\additional_hw_images\STEVAL-MKI209V1K.jpg (Системе не удается найти указанный путь)
2022-07-19 14:25:28,106 [ERROR] ApiFinderProperties:228 - Failed to read file additional_hw_images/ST25DV64KC.jpg: C:\Users\User\.stmcufinder\plugins\mcufinder\mcu\additional_hw_images\ST25DV64KC.jpg (Системе не удается найти указанный путь)
2022-07-19 14:25:28,107 [ERROR] ApiFinderProperties:228 - Failed to read file additional_hw_images/ST25DV04K.jpg: C:\Users\User\.stmcufinder\plugins\mcufinder\mcu\additional_hw_images\ST25DV04K.jpg (Системе не удается найти указанный путь)
2022-07-19 14:25:28,109 [ERROR] ApiFinderProperties:228 - Failed to read file additional_hw_images/S2-LP.jpg: C:\Users\User\.stmcufinder\plugins\mcufinder\mcu\additional_hw_images\S2-LP.jpg (Системе не удается найти указанный путь)
2022-07-19 14:25:28,110 [ERROR] ApiFinderProperties:228 - Failed to read file additional_hw_images/M95M04-DR.jpg: C:\Users\User\.stmcufinder\plugins\mcufinder\mcu\additional_hw_images\M95M04-DR.jpg (Системе не удается найти указанный путь)
2022-07-19 14:25:28,111 [ERROR] ApiFinderProperties:228 - Failed to read file additional_hw_images/M95M01-DF.jpg: C:\Users\User\.stmcufinder\plugins\mcufinder\mcu\additional_hw_images\M95M01-DF.jpg (Системе не удается найти указанный путь)
2022-07-19 14:25:28,112 [ERROR] ApiFinderProperties:228 - Failed to read file additional_hw_images/M95256-DF.jpg: C:\Users\User\.stmcufinder\plugins\mcufinder\mcu\additional_hw_images\M95256-DF.jpg (Системе не удается найти указанный путь)
2022-07-19 14:25:28,112 [ERROR] ApiFinderProperties:228 - Failed to read file additional_hw_images/M95040-R.jpg: C:\Users\User\.stmcufinder\plugins\mcufinder\mcu\additional_hw_images\M95040-R.jpg (Системе не удается найти указанный путь)
2022-07-19 14:25:28,113 [ERROR] ApiFinderProperties:228 - Failed to read file additional_hw_images/M24M01-DF.jpg: C:\Users\User\.stmcufinder\plugins\mcufinder\mcu\additional_hw_images\M24M01-DF.jpg (Системе не удается найти указанный путь)
2022-07-19 14:25:28,114 [ERROR] ApiFinderProperties:228 - Failed to read file additional_hw_images/M24C02-F.jpg: C:\Users\User\.stmcufinder\plugins\mcufinder\mcu\additional_hw_images\M24C02-F.jpg (Системе не удается найти указанный путь)
2022-07-19 14:25:28,114 [ERROR] ApiFinderProperties:228 - Failed to read file additional_hw_images/M24256-DF.jpg: C:\Users\User\.stmcufinder\plugins\mcufinder\mcu\additional_hw_images\M24256-DF.jpg (Системе не удается найти указанный путь)
2022-07-19 14:25:28,115 [ERROR] ApiFinderProperties:228 - Failed to read file additional_hw_images/LSM6DSO.jpg: C:\Users\User\.stmcufinder\plugins\mcufinder\mcu\additional_hw_images\LSM6DSO.jpg (Системе не удается найти указанный путь)
2022-07-19 14:25:28,116 [ERROR] ApiFinderProperties:228 - Failed to read file additional_hw_images/LSM6DSL.jpg: C:\Users\User\.stmcufinder\plugins\mcufinder\mcu\additional_hw_images\LSM6DSL.jpg (Системе не удается найти указанный путь)
2022-07-19 14:25:28,118 [ERROR] ApiFinderProperties:228 - Failed to read file additional_hw_images/LSM303AGR.jpg: C:\Users\User\.stmcufinder\plugins\mcufinder\mcu\additional_hw_images\LSM303AGR.jpg (Системе не удается найти указанный путь)
2022-07-19 14:25:28,119 [ERROR] ApiFinderProperties:228 - Failed to read file additional_hw_images/LPS22HH.jpg: C:\Users\User\.stmcufinder\plugins\mcufinder\mcu\additional_hw_images\LPS22HH.jpg (Системе не удается найти указанный путь)
2022-07-19 14:25:28,120 [ERROR] ApiFinderProperties:228 - Failed to read file additional_hw_images/LPS22HB.jpg: C:\Users\User\.stmcufinder\plugins\mcufinder\mcu\additional_hw_images\LPS22HB.jpg (Системе не удается найти указанный путь)
2022-07-19 14:25:28,121 [ERROR] ApiFinderProperties:228 - Failed to read file additional_hw_images/LIS2MDL.jpg: C:\Users\User\.stmcufinder\plugins\mcufinder\mcu\additional_hw_images\LIS2MDL.jpg (Системе не удается найти указанный путь)
2022-07-19 14:25:28,123 [ERROR] ApiFinderProperties:228 - Failed to read file additional_hw_images/LIS2DW12.jpg: C:\Users\User\.stmcufinder\plugins\mcufinder\mcu\additional_hw_images\LIS2DW12.jpg (Системе не удается найти указанный путь)
2022-07-19 14:25:28,124 [ERROR] ApiFinderProperties:228 - Failed to read file additional_hw_images/ISM330DHCX.jpg: C:\Users\User\.stmcufinder\plugins\mcufinder\mcu\additional_hw_images\ISM330DHCX.jpg (Системе не удается найти указанный путь)
2022-07-19 14:25:28,126 [ERROR] ApiFinderProperties:228 - Failed to read file additional_hw_images/IMP34DT05.jpg: C:\Users\User\.stmcufinder\plugins\mcufinder\mcu\additional_hw_images\IMP34DT05.jpg (Системе не удается найти указанный путь)
2022-07-19 14:25:28,127 [ERROR] ApiFinderProperties:228 - Failed to read file additional_hw_images/IIS2MDC.jpg: C:\Users\User\.stmcufinder\plugins\mcufinder\mcu\additional_hw_images\IIS2MDC.jpg (Системе не удается найти указанный путь)
2022-07-19 14:25:28,136 [ERROR] ApiFinderProperties:228 - Failed to read file additional_hw_images/IIS2ICLX.jpg: C:\Users\User\.stmcufinder\plugins\mcufinder\mcu\additional_hw_images\IIS2ICLX.jpg (Системе не удается найти указанный путь)
2022-07-19 14:25:28,137 [ERROR] ApiFinderProperties:228 - Failed to read file additional_hw_images/IIS2DLPC.jpg: C:\Users\User\.stmcufinder\plugins\mcufinder\mcu\additional_hw_images\IIS2DLPC.jpg (Системе не удается найти указанный путь)
2022-07-19 14:25:28,139 [ERROR] ApiFinderProperties:228 - Failed to read file additional_hw_images/HTS221.jpg: C:\Users\User\.stmcufinder\plugins\mcufinder\mcu\additional_hw_images\HTS221.jpg (Системе не удается найти указанный путь)
2022-07-19 14:25:28,139 [ERROR] ApiFinderProperties:228 - Failed to read file additional_hw_images/BlueNRG-M2SP.jpg: C:\Users\User\.stmcufinder\plugins\mcufinder\mcu\additional_hw_images\BlueNRG-M2SP.jpg (Системе не удается найти указанный путь)
2022-07-19 14:25:28,141 [ERROR] ApiFinderProperties:228 - Failed to read file additional_hw_images/BlueNRG-M0.jpg: C:\Users\User\.stmcufinder\plugins\mcufinder\mcu\additional_hw_images\BlueNRG-M0.jpg (Системе не удается найти указанный путь)
2022-07-19 14:25:28,200 [WARN] ApiFinderProperties:110 - C:\Users\User\.stmcufinder\plugins\mcufinder\mcu\mcuFinder.mfd doesn't exist
2022-07-19 14:25:28,201 [INFO] ApiDb:249 - Set database path to: C:\Users\User\.stmcufinder\plugins\mcufinder//mcu/
2022-07-19 14:25:28,203 [INFO] DbMcusAds:124 - Set database path to: C:\Users\User\.stmcufinder\plugins\mcufinder//mcu/
2022-07-19 14:25:28,209 [INFO] CrossReferenceDbSqlite:201 - Set database path to: C:\Users\User\.stmcufinder\plugins\mcufinder//mcu/cs/
2022-07-19 14:25:28,319 [INFO] RulesReader:61 - Compatibility file has been processed (282 Rules)
2022-07-19 14:25:28,458 [INFO] DbMcusXml:77 - Set database path to: C:\ST\STM32CubeIDE_1.10.1\STM32CubeIDE\plugins\com.st.stm32cube.common.mx_6.6.1.202207061420\\db\/mcu/
2022-07-19 14:25:28,459 [INFO] ApiDb:269 - Set plugin database path to: C:\ST\STM32CubeIDE_1.10.1\STM32CubeIDE\plugins\com.st.stm32cube.common.mx_6.6.1.202207061420\\db\/plugins/boardmanager/
2022-07-19 14:25:28,459 [INFO] ApiDb:256 - Set plugin images path to: C:\ST\STM32CubeIDE_1.10.1\STM32CubeIDE\plugins\com.st.stm32cube.common.mx_6.6.1.202207061420\\db\/plugins/mcufinder/images/
2022-07-19 14:25:28,460 [WARN] DbFile:40 - Overriding database path with different value: C:\Users\User\.stmcufinder\plugins\mcufinder/ => C:\Users\User\.stmcufinder\plugins\mcufinder
2022-07-19 14:25:28,460 [INFO] ApiDb:249 - Set database path to: C:\Users\User\.stmcufinder\plugins\mcufinder//mcu/
2022-07-19 14:25:28,460 [WARN] DbFile:40 - Overriding database path with different value: C:\Users\User\.stmcufinder\plugins\mcufinder/ => C:\Users\User\.stmcufinder\plugins\mcufinder
2022-07-19 14:25:28,460 [INFO] DbMcusAds:124 - Set database path to: C:\Users\User\.stmcufinder\plugins\mcufinder//mcu/
2022-07-19 14:25:28,460 [WARN] DbFile:40 - Overriding database path with different value: C:\Users\User\.stmcufinder\plugins\mcufinder/ => C:\Users\User\.stmcufinder\plugins\mcufinder
2022-07-19 14:25:28,460 [WARN] DbFile:40 - Overriding database path with different value: C:\Users\User\.stmcufinder\plugins\mcufinder/ => C:\Users\User\.stmcufinder\plugins\mcufinder
2022-07-19 14:25:28,461 [INFO] CrossReferenceDbSqlite:201 - Set database path to: C:\Users\User\.stmcufinder\plugins\mcufinder//mcu/cs/
2022-07-19 14:25:28,586 [INFO] MainPanel:242 - HeapMemory: 398458880
2022-07-19 14:25:28,883 [INFO] DbMcusXml:77 - Set database path to: C:\ST\STM32CubeIDE_1.10.1\STM32CubeIDE\plugins\com.st.stm32cube.common.mx_6.6.1.202207061420\\db\/mcu/
2022-07-19 14:25:28,883 [INFO] ApiDb:269 - Set plugin database path to: C:\ST\STM32CubeIDE_1.10.1\STM32CubeIDE\plugins\com.st.stm32cube.common.mx_6.6.1.202207061420\\db\/plugins/boardmanager/
2022-07-19 14:25:28,883 [INFO] ApiDb:256 - Set plugin images path to: C:\ST\STM32CubeIDE_1.10.1\STM32CubeIDE\plugins\com.st.stm32cube.common.mx_6.6.1.202207061420\\db\/plugins/mcufinder/images/
2022-07-19 14:25:28,884 [WARN] DbFile:40 - Overriding database path with different value: C:\Users\User\.stmcufinder\plugins\mcufinder/ => C:\Users\User\.stmcufinder\plugins\mcufinder
2022-07-19 14:25:28,884 [INFO] ApiDb:249 - Set database path to: C:\Users\User\.stmcufinder\plugins\mcufinder//mcu/
2022-07-19 14:25:28,884 [WARN] DbFile:40 - Overriding database path with different value: C:\Users\User\.stmcufinder\plugins\mcufinder/ => C:\Users\User\.stmcufinder\plugins\mcufinder
2022-07-19 14:25:28,884 [INFO] DbMcusAds:124 - Set database path to: C:\Users\User\.stmcufinder\plugins\mcufinder//mcu/
2022-07-19 14:25:28,884 [WARN] DbFile:40 - Overriding database path with different value: C:\Users\User\.stmcufinder\plugins\mcufinder/ => C:\Users\User\.stmcufinder\plugins\mcufinder
2022-07-19 14:25:28,884 [WARN] DbFile:40 - Overriding database path with different value: C:\Users\User\.stmcufinder\plugins\mcufinder/ => C:\Users\User\.stmcufinder\plugins\mcufinder
2022-07-19 14:25:28,884 [INFO] CrossReferenceDbSqlite:201 - Set database path to: C:\Users\User\.stmcufinder\plugins\mcufinder//mcu/cs/
2022-07-19 14:25:28,947 [INFO] ApplicationProperties:181 - Using Application install path: C:\ST\STM32CubeIDE_1.10.1\STM32CubeIDE\plugins\com.st.stm32cube.common.mx_6.6.1.202207061420
2022-07-19 14:25:28,949 [INFO] PluginManage:193 - Search for loadable plugins [exclusion list=, ]
2022-07-19 14:25:28,951 [INFO] PluginManage:307 - Check plugin analytics
2022-07-19 14:25:29,157 [INFO] AnalyticsPlugin:262 - Accepted Software Licenses: 
2022-07-19 14:25:29,157 [INFO] AnalyticsPlugin:264 - Accepted CMSIS Pack Licenses: 
2022-07-19 14:25:29,158 [INFO] AnalyticsPlugin:266 - Accepted Firmware Licenses: 
2022-07-19 14:25:29,168 [INFO] PluginManage:356 - Loaded plugin analytics (category:tool,tabindex:-1)
2022-07-19 14:25:29,168 [INFO] PluginManage:307 - Check plugin cadmodel
2022-07-19 14:25:29,176 [INFO] CADModel:65 - Init CAD model plugin
2022-07-19 14:25:29,177 [INFO] PluginManage:356 - Loaded plugin cadmodel (category:power,tabindex:5)
2022-07-19 14:25:29,177 [INFO] PluginManage:307 - Check plugin clock
2022-07-19 14:25:29,193 [INFO] PluginManage:356 - Loaded plugin clock (category:base,tabindex:2)
2022-07-19 14:25:29,193 [INFO] PluginManage:307 - Check plugin ddr
2022-07-19 14:25:29,197 [INFO] PluginManage:356 - Loaded plugin ddr (category:tool,tabindex:6)
2022-07-19 14:25:29,197 [INFO] PluginManage:307 - Check plugin filemanager
2022-07-19 14:25:29,351 [INFO] PluginManage:356 - Loaded plugin filemanager (category:base,tabindex:10)
2022-07-19 14:25:29,352 [INFO] PluginManage:307 - Check plugin ipmanager
2022-07-19 14:25:29,361 [INFO] PluginManage:356 - Loaded plugin ipmanager (category:base,tabindex:5)
2022-07-19 14:25:29,361 [INFO] PluginManage:307 - Check plugin lpbam
2022-07-19 14:25:29,372 [INFO] PluginManage:356 - Loaded plugin lpbam (category:base,tabindex:0)
2022-07-19 14:25:29,372 [INFO] PluginManage:307 - Check plugin pinoutandconfiguration
2022-07-19 14:25:29,384 [INFO] PluginManage:356 - Loaded plugin pinoutandconfiguration (category:base,tabindex:1)
2022-07-19 14:25:29,384 [INFO] PluginManage:307 - Check plugin pinoutconfig
2022-07-19 14:25:29,417 [INFO] PluginManage:356 - Loaded plugin pinoutconfig (category:base,tabindex:0)
2022-07-19 14:25:29,418 [INFO] PluginManage:307 - Check plugin power
2022-07-19 14:25:29,434 [INFO] PluginManage:356 - Loaded plugin power (category:power,tabindex:4)
2022-07-19 14:25:29,435 [INFO] PluginManage:307 - Check plugin projectmanager
2022-07-19 14:25:29,464 [INFO] PluginManage:356 - Loaded plugin projectmanager (category:projectmanager,tabindex:3)
2022-07-19 14:25:29,464 [INFO] PluginManage:307 - Check plugin thirdparty
2022-07-19 14:25:29,613 [INFO] PluginManage:356 - Loaded plugin thirdparty (category:base,tabindex:-1)
2022-07-19 14:25:29,614 [INFO] PluginManage:307 - Check plugin tools
2022-07-19 14:25:29,615 [WARN] IntegrityCheckThread:82 - waiting for thirdparty lock release [integrity check]
2022-07-19 14:25:29,616 [INFO] IntegrityCheckThread:84 - entering critical section [integrity check]
2022-07-19 14:25:29,618 [INFO] ThirdPartyUpdaterWithRetryManager:70 - Updater plugin not ready yet. [1/15]
2022-07-19 14:25:29,621 [INFO] PluginManage:356 - Loaded plugin tools (category:base,tabindex:7)
2022-07-19 14:25:29,622 [INFO] PluginManage:307 - Check plugin tutovideos
2022-07-19 14:25:29,871 [INFO] PluginManage:356 - Loaded plugin tutovideos (category:base,tabindex:-1)
2022-07-19 14:25:29,871 [INFO] PluginManage:307 - Check plugin updater
2022-07-19 14:25:29,898 [INFO] PluginManage:356 - Loaded plugin updater (category:base,tabindex:12)
2022-07-19 14:25:29,899 [INFO] PluginManage:280 - PluginManage : Loaded plugins [15]
2022-07-19 14:25:30,427 [INFO] PinOutPanel:1468 - setPackage(No Configuration,No Configuration)
2022-07-19 14:25:30,516 [INFO] CADModel:98 - CPN selected for project level
2022-07-19 14:25:30,540 [INFO] IPUIPlugin:79 - create IPUIPlugin
2022-07-19 14:25:30,540 [INFO] PluginManager:217 - loadIPPluginJar : add adc
2022-07-19 14:25:30,547 [INFO] IPUIPlugin:79 - create IPUIPlugin
2022-07-19 14:25:30,547 [INFO] PluginManager:217 - loadIPPluginJar : add aes
2022-07-19 14:25:30,552 [INFO] IPUIPlugin:79 - create IPUIPlugin
2022-07-19 14:25:30,552 [INFO] PluginManager:217 - loadIPPluginJar : add can
2022-07-19 14:25:30,555 [INFO] IPUIPlugin:79 - create IPUIPlugin
2022-07-19 14:25:30,555 [INFO] PluginManager:217 - loadIPPluginJar : add comp
2022-07-19 14:25:30,559 [INFO] IPUIPlugin:79 - create IPUIPlugin
2022-07-19 14:25:30,559 [INFO] PluginManager:217 - loadIPPluginJar : add cryp
2022-07-19 14:25:30,564 [INFO] IPUIPlugin:79 - create IPUIPlugin
2022-07-19 14:25:30,564 [INFO] PluginManager:217 - loadIPPluginJar : add dfsdm
2022-07-19 14:25:30,573 [INFO] IPUIPlugin:79 - create IPUIPlugin
2022-07-19 14:25:30,574 [INFO] PluginManager:217 - loadIPPluginJar : add dma
2022-07-19 14:25:30,579 [INFO] IPUIPlugin:79 - create IPUIPlugin
2022-07-19 14:25:30,579 [INFO] PluginManager:217 - loadIPPluginJar : add dma3
2022-07-19 14:25:30,582 [INFO] IPUIPlugin:79 - create IPUIPlugin
2022-07-19 14:25:30,582 [INFO] PluginManager:217 - loadIPPluginJar : add fatfs
2022-07-19 14:25:30,589 [INFO] IPUIPlugin:79 - create IPUIPlugin
2022-07-19 14:25:30,589 [INFO] PluginManager:217 - loadIPPluginJar : add fmc
2022-07-19 14:25:30,597 [INFO] IPUIPlugin:79 - create IPUIPlugin
2022-07-19 14:25:30,598 [INFO] PluginManager:217 - loadIPPluginJar : add freertos
2022-07-19 14:25:30,600 [INFO] IPUIPlugin:79 - create IPUIPlugin
2022-07-19 14:25:30,600 [INFO] PluginManager:217 - loadIPPluginJar : add genericplugin
2022-07-19 14:25:30,604 [INFO] IPUIPlugin:79 - create IPUIPlugin
2022-07-19 14:25:30,604 [INFO] PluginManager:217 - loadIPPluginJar : add gfxmmu
2022-07-19 14:25:30,611 [INFO] IPUIPlugin:79 - create IPUIPlugin
2022-07-19 14:25:30,611 [INFO] PluginManager:217 - loadIPPluginJar : add gic
2022-07-19 14:25:30,618 [INFO] IPUIPlugin:79 - create IPUIPlugin
2022-07-19 14:25:30,618 [INFO] PluginManager:217 - loadIPPluginJar : add gpio
2022-07-19 14:25:30,623 [INFO] IPUIPlugin:79 - create IPUIPlugin
2022-07-19 14:25:30,623 [INFO] PluginManager:217 - loadIPPluginJar : add gtzc
2022-07-19 14:25:30,627 [INFO] IPUIPlugin:79 - create IPUIPlugin
2022-07-19 14:25:30,628 [INFO] PluginManager:217 - loadIPPluginJar : add hash
2022-07-19 14:25:30,632 [INFO] IPUIPlugin:79 - create IPUIPlugin
2022-07-19 14:25:30,633 [INFO] PluginManager:217 - loadIPPluginJar : add i2c
2022-07-19 14:25:30,638 [INFO] IPUIPlugin:79 - create IPUIPlugin
2022-07-19 14:25:30,638 [INFO] PluginManager:217 - loadIPPluginJar : add i2s
2022-07-19 14:25:30,661 [INFO] IPUIPlugin:79 - create IPUIPlugin
2022-07-19 14:25:30,661 [INFO] PluginManager:217 - loadIPPluginJar : add ipddr
2022-07-19 14:25:30,672 [INFO] IPUIPlugin:79 - create IPUIPlugin
2022-07-19 14:25:30,672 [INFO] PluginManager:217 - loadIPPluginJar : add linkedlist
2022-07-19 14:25:30,676 [INFO] IPUIPlugin:79 - create IPUIPlugin
2022-07-19 14:25:30,676 [INFO] PluginManager:217 - loadIPPluginJar : add lorawan
2022-07-19 14:25:30,679 [INFO] IPUIPlugin:79 - create IPUIPlugin
2022-07-19 14:25:30,679 [INFO] PluginManager:217 - loadIPPluginJar : add ltdc
2022-07-19 14:25:30,686 [INFO] IPUIPlugin:79 - create IPUIPlugin
2022-07-19 14:25:30,686 [INFO] PluginManager:217 - loadIPPluginJar : add mdma
2022-07-19 14:25:30,691 [INFO] IPUIPlugin:79 - create IPUIPlugin
2022-07-19 14:25:30,691 [INFO] PluginManager:217 - loadIPPluginJar : add nvic
2022-07-19 14:25:30,695 [INFO] IPUIPlugin:79 - create IPUIPlugin
2022-07-19 14:25:30,695 [INFO] PluginManager:217 - loadIPPluginJar : add opamp
2022-07-19 14:25:30,701 [INFO] IPUIPlugin:79 - create IPUIPlugin
2022-07-19 14:25:30,701 [INFO] PluginManager:217 - loadIPPluginJar : add openamp
2022-07-19 14:25:30,706 [INFO] IPUIPlugin:79 - create IPUIPlugin
2022-07-19 14:25:30,707 [INFO] PluginManager:217 - loadIPPluginJar : add pdm2pcm
2022-07-19 14:25:30,716 [INFO] IPUIPlugin:79 - create IPUIPlugin
2022-07-19 14:25:30,719 [INFO] PluginManager:217 - loadIPPluginJar : add plateformsettings
2022-07-19 14:25:30,722 [INFO] IPUIPlugin:79 - create IPUIPlugin
2022-07-19 14:25:30,723 [INFO] PluginManager:217 - loadIPPluginJar : add quadspi
2022-07-19 14:25:30,730 [INFO] IPUIPlugin:79 - create IPUIPlugin
2022-07-19 14:25:30,730 [INFO] PluginManager:217 - loadIPPluginJar : add resmgrutility
2022-07-19 14:25:30,735 [INFO] IPUIPlugin:79 - create IPUIPlugin
2022-07-19 14:25:30,735 [INFO] PluginManager:217 - loadIPPluginJar : add sai
2022-07-19 14:25:30,738 [INFO] IPUIPlugin:79 - create IPUIPlugin
2022-07-19 14:25:30,739 [INFO] PluginManager:217 - loadIPPluginJar : add spi
2022-07-19 14:25:30,744 [INFO] IPUIPlugin:79 - create IPUIPlugin
2022-07-19 14:25:30,745 [INFO] PluginManager:217 - loadIPPluginJar : add stm32_wpan
2022-07-19 14:25:30,748 [INFO] IPUIPlugin:79 - create IPUIPlugin
2022-07-19 14:25:30,748 [INFO] PluginManager:217 - loadIPPluginJar : add tim
2022-07-19 14:25:30,753 [INFO] IPUIPlugin:79 - create IPUIPlugin
2022-07-19 14:25:30,753 [INFO] PluginManager:217 - loadIPPluginJar : add touchsensing
2022-07-19 14:25:30,756 [INFO] IPUIPlugin:79 - create IPUIPlugin
2022-07-19 14:25:30,757 [INFO] PluginManager:217 - loadIPPluginJar : add tracer_emb
2022-07-19 14:25:30,760 [INFO] IPUIPlugin:79 - create IPUIPlugin
2022-07-19 14:25:30,760 [INFO] PluginManager:217 - loadIPPluginJar : add ts
2022-07-19 14:25:30,763 [INFO] IPUIPlugin:79 - create IPUIPlugin
2022-07-19 14:25:30,763 [INFO] PluginManager:217 - loadIPPluginJar : add tsc
2022-07-19 14:25:30,766 [INFO] IPUIPlugin:79 - create IPUIPlugin
2022-07-19 14:25:30,766 [INFO] PluginManager:217 - loadIPPluginJar : add ucpd
2022-07-19 14:25:30,770 [INFO] IPUIPlugin:79 - create IPUIPlugin
2022-07-19 14:25:30,770 [INFO] PluginManager:217 - loadIPPluginJar : add usart
2022-07-19 14:25:30,775 [INFO] IPUIPlugin:79 - create IPUIPlugin
2022-07-19 14:25:30,775 [INFO] PluginManager:217 - loadIPPluginJar : add usbx
2022-07-19 14:25:31,098 [FATAL] Updater:301 - Updater called before beeing initialized
2022-07-19 14:25:31,238 [FATAL] Updater:301 - Updater called before beeing initialized
2022-07-19 14:25:31,248 [INFO] DbMcusAds:52 - JSON generation date=Thu Sep 30 09:55:09 MSK 2021 (1632984909247)
2022-07-19 14:25:31,249 [FATAL] Updater:301 - Updater called before beeing initialized
2022-07-19 14:25:31,305 [WARN] DetailPanel:344 - Failed to get advertising image, set to default
2022-07-19 14:25:31,434 [FATAL] Updater:301 - Updater called before beeing initialized
2022-07-19 14:25:31,437 [FATAL] Updater:301 - Updater called before beeing initialized
2022-07-19 14:25:31,437 [FATAL] Updater:301 - Updater called before beeing initialized
2022-07-19 14:25:31,437 [WARN] DetailPanel:344 - Failed to get advertising image, set to default
2022-07-19 14:25:31,438 [FATAL] Updater:301 - Updater called before beeing initialized
2022-07-19 14:25:31,501 [ERROR] Updater:1105 - MainUpdater not yet initialized. External WinMGr cannot be set.
2022-07-19 14:25:31,511 [INFO] Updater:1041 - Updater Version found : 6.6.1
2022-07-19 14:25:31,569 [INFO] ApplicationProperties:181 - Using Application install path: C:\ST\STM32CubeIDE_1.10.1\STM32CubeIDE\plugins\com.st.stm32cube.common.mx_6.6.1.202207061420
2022-07-19 14:25:31,628 [INFO] MainUpdater:516 - Copy updater definitions from MX database
2022-07-19 14:25:31,678 [INFO] MainUpdater:549 - Copy flag file definitions from MX database
2022-07-19 14:25:31,680 [INFO] MainUpdater:565 - Copy thirdparty index definitions from MX database
2022-07-19 14:25:31,683 [INFO] MainUpdater:584 - Copy default thirdparty db definitions from MX database
2022-07-19 14:25:31,862 [INFO] MainUpdater:2768 - connection check result : 10
2022-07-19 14:25:31,865 [INFO] MainUpdater:3453 - Updater definition file requires update
2022-07-19 14:25:31,868 [INFO] MainUpdater:280 - Updater Check For Update Now.
2022-07-19 14:25:31,869 [INFO] MicroXplorer:481 - Change Database Version : DB.6.0.60
2022-07-19 14:25:32,036 [INFO] ServerAccessManage:474 - Download File updaters.zip
2022-07-19 14:25:32,125 [INFO] FileExtend:239 - Unzip File : updaters.zip
2022-07-19 14:25:32,125 [INFO] FileExtend:254 - Standard Zip Deflate
2022-07-19 14:25:32,633 [WARN] MainUpdater:1184 - Updater busy. Cannot search thirdparties
2022-07-19 14:25:32,633 [INFO] ThirdPartyUpdaterWithRetryManager:96 - Updater plugin is busy. [1/15]
2022-07-19 14:25:32,787 [INFO] ServerAccessManage:474 - Download File PacksControlFlags.xml
2022-07-19 14:25:32,875 [INFO] ServerAccessManage:474 - Download File cubemx.pidx
2022-07-19 14:25:33,107 [INFO] ServerAccessManage:474 - Download File STMicroelectronics.FP-ATR-ASTRA1.pdsc
2022-07-19 14:25:33,185 [INFO] ServerAccessManage:474 - Download File STMicroelectronics.X-CUBE-AI.pdsc
2022-07-19 14:25:33,470 [INFO] ServerAccessManage:474 - Download File STMicroelectronics.X-CUBE-ALS.pdsc
2022-07-19 14:25:33,563 [INFO] ServerAccessManage:474 - Download File STMicroelectronics.X-CUBE-BLE1.pdsc
2022-07-19 14:25:33,986 [ERROR] ServerAccessManage:1090 - Problem, file not found on Server
2022-07-19 14:25:34,016 [INFO] ServerAccessManage:474 - Download File STMicroelectronics.X-CUBE-BLE2.pdsc
2022-07-19 14:25:34,340 [ERROR] ServerAccessManage:1090 - Problem, file not found on Server
2022-07-19 14:25:34,341 [ERROR] ServerAccessManage:652 - Problem, file not found on Server : STMicroelectronics.X-CUBE-BLEMGR.pdsc.
2022-07-19 14:25:34,368 [INFO] ServerAccessManage:474 - Download File STMicroelectronics.X-CUBE-DISPLAY.pdsc
2022-07-19 14:25:34,511 [INFO] ServerAccessManage:474 - Download File STMicroelectronics.X-CUBE-EEPRMA1.pdsc
2022-07-19 14:25:34,648 [INFO] ServerAccessManage:474 - Download File STMicroelectronics.X-CUBE-GNSS1.pdsc
2022-07-19 14:25:34,961 [ERROR] ServerAccessManage:1090 - Problem, file not found on Server
2022-07-19 14:25:35,083 [ERROR] ServerAccessManage:1090 - Problem, file not found on Server
2022-07-19 14:25:35,190 [ERROR] ServerAccessManage:1090 - Problem, file not found on Server
2022-07-19 14:25:35,299 [ERROR] ServerAccessManage:1090 - Problem, file not found on Server
2022-07-19 14:25:35,404 [ERROR] ServerAccessManage:1090 - Problem, file not found on Server
2022-07-19 14:25:35,525 [ERROR] ServerAccessManage:1090 - Problem, file not found on Server
2022-07-19 14:25:35,559 [INFO] ServerAccessManage:474 - Download File STMicroelectronics.X-CUBE-MEMS1.pdsc
2022-07-19 14:25:35,635 [WARN] MainUpdater:1184 - Updater busy. Cannot search thirdparties
2022-07-19 14:25:35,635 [INFO] ThirdPartyUpdaterWithRetryManager:96 - Updater plugin is busy. [2/15]
2022-07-19 14:25:36,005 [INFO] ServerAccessManage:474 - Download File STMicroelectronics.X-CUBE-NFC4.pdsc
2022-07-19 14:25:36,293 [INFO] ServerAccessManage:474 - Download File STMicroelectronics.X-CUBE-NFC7.pdsc
2022-07-19 14:25:36,364 [INFO] ServerAccessManage:474 - Download File STMicroelectronics.X-CUBE-SFXS2LP1.pdsc
2022-07-19 14:25:36,491 [INFO] ServerAccessManage:474 - Download File STMicroelectronics.X-CUBE-SUBG2.pdsc
2022-07-19 14:25:36,720 [INFO] ServerAccessManage:474 - Download File STMicroelectronics.X-CUBE-TOF1.pdsc
2022-07-19 14:25:36,909 [ERROR] ServerAccessManage:1090 - Problem, file not found on Server
2022-07-19 14:25:37,011 [INFO] ServerAccessManage:474 - Download File STMicroelectronics.X-CUBE-TOUCHGFX.pdsc
2022-07-19 14:25:37,287 [INFO] ServerAccessManage:474 - Download File STMicroelectronics.X-CUBE-ALGOBUILD.pdsc
2022-07-19 14:25:37,439 [INFO] ServerAccessManage:474 - Download File STMicroelectronics.X-CUBE-AZRTOS-H7.pdsc
2022-07-19 14:25:37,589 [INFO] ServerAccessManage:474 - Download File STMicroelectronics.X-CUBE-AZRTOS-F4.pdsc
2022-07-19 14:25:37,682 [INFO] ServerAccessManage:474 - Download File STMicroelectronics.X-CUBE-AZRTOS-F7.pdsc
2022-07-19 14:25:37,802 [INFO] ServerAccessManage:474 - Download File STMicroelectronics.X-CUBE-AZRTOS-L4.pdsc
2022-07-19 14:25:37,899 [INFO] ServerAccessManage:474 - Download File STMicroelectronics.X-CUBE-AZRTOS-L5.pdsc
2022-07-19 14:25:37,992 [INFO] ServerAccessManage:474 - Download File STMicroelectronics.X-CUBE-AZRTOS-G0.pdsc
2022-07-19 14:25:38,128 [INFO] ServerAccessManage:474 - Download File STMicroelectronics.X-CUBE-AZRTOS-G4.pdsc
2022-07-19 14:25:38,234 [INFO] ServerAccessManage:474 - Download File STMicroelectronics.X-CUBE-AZRTOS-WL.pdsc
2022-07-19 14:25:38,654 [WARN] MainUpdater:1184 - Updater busy. Cannot search thirdparties
2022-07-19 14:25:38,654 [INFO] ThirdPartyUpdaterWithRetryManager:96 - Updater plugin is busy. [3/15]
2022-07-19 14:25:38,910 [INFO] ServerAccessManage:474 - Download File wolfSSL.I-CUBE-wolfSSL.pdsc
2022-07-19 14:25:41,152 [ERROR] ServerAccessManage:1090 - Problem, file not found on Server
2022-07-19 14:25:41,606 [ERROR] ServerAccessManage:1090 - Problem, file not found on Server
2022-07-19 14:25:41,661 [WARN] MainUpdater:1184 - Updater busy. Cannot search thirdparties
2022-07-19 14:25:41,661 [INFO] ThirdPartyUpdaterWithRetryManager:96 - Updater plugin is busy. [4/15]
2022-07-19 14:25:42,060 [ERROR] ServerAccessManage:1090 - Problem, file not found on Server
2022-07-19 14:25:42,642 [INFO] ServerAccessManage:474 - Download File RoweBots.I-CUBE-UNISONRTOS.pdsc
2022-07-19 14:25:43,453 [ERROR] ServerAccessManage:1090 - Problem, file not found on Server
2022-07-19 14:25:43,959 [ERROR] ServerAccessManage:1090 - Problem, file not found on Server
2022-07-19 14:25:44,472 [ERROR] ServerAccessManage:1090 - Problem, file not found on Server
2022-07-19 14:25:44,676 [WARN] MainUpdater:1184 - Updater busy. Cannot search thirdparties
2022-07-19 14:25:44,676 [INFO] ThirdPartyUpdaterWithRetryManager:96 - Updater plugin is busy. [5/15]
2022-07-19 14:25:44,934 [ERROR] ServerAccessManage:1090 - Problem, file not found on Server
2022-07-19 14:25:45,155 [INFO] ServerAccessManage:474 - Download File SEGGER.I-CUBE-embOS.pdsc
2022-07-19 14:25:45,590 [INFO] ServerAccessManage:474 - Download File portGmbH.I-Cube-SoM-uGOAL.pdsc
2022-07-19 14:25:45,954 [ERROR] ServerAccessManage:1090 - Problem, file not found on Server
2022-07-19 14:25:45,989 [ERROR] ServerAccessManage:1090 - Problem, file not found on Server
2022-07-19 14:25:46,024 [ERROR] ServerAccessManage:1090 - Problem, file not found on Server
2022-07-19 14:25:46,286 [INFO] ServerAccessManage:474 - Download File emotas.I-CUBE-CANOPEN.pdsc
2022-07-19 14:25:46,502 [WARN] PackLoader:242 - Cannot read IP mode file for STMicroelectronics.FP-ATR-ASTRA1.1.1.0
2022-07-19 14:25:46,515 [WARN] PackLoader:242 - Cannot read IP mode file for STMicroelectronics.X-CUBE-AI.7.2.0
2022-07-19 14:25:46,524 [WARN] PackLoader:242 - Cannot read IP mode file for STMicroelectronics.X-CUBE-ALS.1.0.1
2022-07-19 14:25:46,546 [WARN] CheckServerUpdateThread:148 - Open CheckUpdateFile Fail
2022-07-19 14:25:46,553 [WARN] PackLoader:242 - Cannot read IP mode file for STMicroelectronics.X-CUBE-BLE1.6.2.3
2022-07-19 14:25:46,571 [WARN] PackLoader:242 - Cannot read IP mode file for STMicroelectronics.X-CUBE-BLE2.3.3.0
2022-07-19 14:25:46,601 [WARN] PackLoader:242 - Cannot read IP mode file for STMicroelectronics.X-CUBE-DISPLAY.2.2.0
2022-07-19 14:25:46,614 [WARN] PackLoader:242 - Cannot read IP mode file for STMicroelectronics.X-CUBE-EEPRMA1.3.1.1
2022-07-19 14:25:46,622 [WARN] PackLoader:242 - Cannot read IP mode file for STMicroelectronics.X-CUBE-GNSS1.6.0.0
2022-07-19 14:25:46,714 [INFO] CheckServerUpdateThread:119 - End of CheckServer Thread
2022-07-19 14:25:46,741 [INFO] MainUpdater:2768 - connection check result : 10
2022-07-19 14:25:46,762 [WARN] PackLoader:242 - Cannot read IP mode file for STMicroelectronics.X-CUBE-MEMS1.9.2.0
2022-07-19 14:25:46,765 [INFO] McuFinderGlobals:57 - Set McuFinderConnectedMode to true
2022-07-19 14:25:47,086 [WARN] PackLoader:242 - Cannot read IP mode file for STMicroelectronics.X-CUBE-NFC4.2.0.4
2022-07-19 14:25:47,095 [WARN] PackLoader:242 - Cannot read IP mode file for STMicroelectronics.X-CUBE-NFC7.1.0.0
2022-07-19 14:25:47,104 [WARN] PackLoader:242 - Cannot read IP mode file for STMicroelectronics.X-CUBE-SFXS2LP1.4.0.0
2022-07-19 14:25:47,131 [WARN] PackLoader:242 - Cannot read IP mode file for STMicroelectronics.X-CUBE-SUBG2.5.0.0
2022-07-19 14:25:47,159 [WARN] PackLoader:242 - Cannot read IP mode file for STMicroelectronics.X-CUBE-TOF1.3.1.0
2022-07-19 14:25:47,186 [WARN] PackLoader:242 - Cannot read IP mode file for STMicroelectronics.X-CUBE-TOUCHGFX.4.20.0
2022-07-19 14:25:47,196 [WARN] PackLoader:242 - Cannot read IP mode file for STMicroelectronics.X-CUBE-ALGOBUILD.1.3.0
2022-07-19 14:25:47,232 [WARN] PackLoader:242 - Cannot read IP mode file for STMicroelectronics.X-CUBE-AZRTOS-H7.2.1.0
2022-07-19 14:25:47,253 [INFO] ServerAccessManage:474 - Download File mcusAds.json._tmp_
2022-07-19 14:25:47,262 [WARN] PackLoader:242 - Cannot read IP mode file for STMicroelectronics.X-CUBE-AZRTOS-F4.1.0.0
2022-07-19 14:25:47,285 [WARN] PackLoader:242 - Cannot read IP mode file for STMicroelectronics.X-CUBE-AZRTOS-F7.1.1.0
2022-07-19 14:25:47,307 [WARN] PackLoader:242 - Cannot read IP mode file for STMicroelectronics.X-CUBE-AZRTOS-L4.1.0.0
2022-07-19 14:25:47,353 [WARN] PackLoader:242 - Cannot read IP mode file for STMicroelectronics.X-CUBE-AZRTOS-L5.1.0.0
2022-07-19 14:25:47,368 [WARN] PackLoader:242 - Cannot read IP mode file for STMicroelectronics.X-CUBE-AZRTOS-G0.1.1.0
2022-07-19 14:25:47,381 [WARN] PackLoader:242 - Cannot read IP mode file for STMicroelectronics.X-CUBE-AZRTOS-G4.1.0.0
2022-07-19 14:25:47,393 [WARN] PackLoader:242 - Cannot read IP mode file for STMicroelectronics.X-CUBE-AZRTOS-WL.1.0.0
2022-07-19 14:25:47,400 [WARN] PackLoader:242 - Cannot read IP mode file for wolfSSL.I-CUBE-wolfSSL.5.4.0
2022-07-19 14:25:47,409 [WARN] PackLoader:242 - Cannot read IP mode file for RoweBots.I-CUBE-UNISONRTOS.5.5.0-4
2022-07-19 14:25:47,461 [WARN] PackLoader:242 - Cannot read IP mode file for SEGGER.I-CUBE-embOS.1.2.0
2022-07-19 14:25:47,495 [WARN] PackLoader:242 - Cannot read IP mode file for portGmbH.I-Cube-SoM-uGOAL.1.1.0
2022-07-19 14:25:47,501 [WARN] PackLoader:242 - Cannot read IP mode file for emotas.I-CUBE-CANOPEN.1.1.2
2022-07-19 14:25:47,501 [INFO] PopulateThirdPartyThread:64 - Ending populate Thread
2022-07-19 14:25:47,504 [INFO] ThirdParty:981 - CMSIS Pack Vendor :STMicroelectronics FP-ATR-ASTRA1 1.1.0
2022-07-19 14:25:47,504 [INFO] ThirdParty:981 - CMSIS Pack Vendor :RoweBots I-CUBE-UNISONRTOS 5.5.0-4
2022-07-19 14:25:47,504 [INFO] ThirdParty:981 - CMSIS Pack Vendor :STMicroelectronics X-CUBE-GNSS1 6.0.0
2022-07-19 14:25:47,504 [INFO] ThirdParty:981 - CMSIS Pack Vendor :STMicroelectronics X-CUBE-AZRTOS-H7 2.1.0
2022-07-19 14:25:47,504 [INFO] ThirdParty:981 - CMSIS Pack Vendor :STMicroelectronics X-CUBE-AZRTOS-F4 1.0.0
2022-07-19 14:25:47,504 [INFO] ThirdParty:981 - CMSIS Pack Vendor :STMicroelectronics X-CUBE-AZRTOS-G4 1.0.0
2022-07-19 14:25:47,504 [INFO] ThirdParty:981 - CMSIS Pack Vendor :wolfSSL I-CUBE-wolfSSL 5.4.0
2022-07-19 14:25:47,504 [INFO] ThirdParty:981 - CMSIS Pack Vendor :STMicroelectronics X-CUBE-AZRTOS-L4 1.0.0
2022-07-19 14:25:47,504 [INFO] ThirdParty:981 - CMSIS Pack Vendor :emotas I-CUBE-CANOPEN 1.1.2
2022-07-19 14:25:47,504 [INFO] ThirdParty:981 - CMSIS Pack Vendor :STMicroelectronics X-CUBE-TOUCHGFX 4.20.0
2022-07-19 14:25:47,504 [INFO] ThirdParty:981 - CMSIS Pack Vendor :STMicroelectronics X-CUBE-NFC7 1.0.0
2022-07-19 14:25:47,504 [INFO] ThirdParty:981 - CMSIS Pack Vendor :STMicroelectronics X-CUBE-MEMS1 9.2.0
2022-07-19 14:25:47,504 [INFO] ThirdParty:981 - CMSIS Pack Vendor :STMicroelectronics X-CUBE-AZRTOS-WL 1.0.0
2022-07-19 14:25:47,504 [INFO] ThirdParty:981 - CMSIS Pack Vendor :STMicroelectronics X-CUBE-AZRTOS-F7 1.1.0
2022-07-19 14:25:47,504 [INFO] ThirdParty:981 - CMSIS Pack Vendor :STMicroelectronics X-CUBE-ALS 1.0.1
2022-07-19 14:25:47,504 [INFO] ThirdParty:981 - CMSIS Pack Vendor :portGmbH I-Cube-SoM-uGOAL 1.1.0
2022-07-19 14:25:47,504 [INFO] ThirdParty:981 - CMSIS Pack Vendor :STMicroelectronics X-CUBE-AI 7.2.0
2022-07-19 14:25:47,505 [INFO] ThirdParty:981 - CMSIS Pack Vendor :STMicroelectronics X-CUBE-BLE1 6.2.3
2022-07-19 14:25:47,505 [INFO] ThirdParty:981 - CMSIS Pack Vendor :STMicroelectronics X-CUBE-ALGOBUILD 1.3.0
2022-07-19 14:25:47,505 [INFO] ThirdParty:981 - CMSIS Pack Vendor :STMicroelectronics X-CUBE-AZRTOS-L5 1.0.0
2022-07-19 14:25:47,505 [INFO] ThirdParty:981 - CMSIS Pack Vendor :STMicroelectronics X-CUBE-AZRTOS-G0 1.1.0
2022-07-19 14:25:47,505 [INFO] ThirdParty:981 - CMSIS Pack Vendor :STMicroelectronics X-CUBE-SUBG2 5.0.0
2022-07-19 14:25:47,505 [INFO] ThirdParty:981 - CMSIS Pack Vendor :SEGGER I-CUBE-embOS 1.2.0
2022-07-19 14:25:47,505 [INFO] ThirdParty:981 - CMSIS Pack Vendor :STMicroelectronics X-CUBE-EEPRMA1 3.1.1
2022-07-19 14:25:47,505 [INFO] ThirdParty:981 - CMSIS Pack Vendor :STMicroelectronics X-CUBE-SFXS2LP1 4.0.0
2022-07-19 14:25:47,506 [INFO] ThirdParty:981 - CMSIS Pack Vendor :STMicroelectronics X-CUBE-BLE2 3.3.0
2022-07-19 14:25:47,506 [INFO] ThirdParty:981 - CMSIS Pack Vendor :STMicroelectronics X-CUBE-NFC4 2.0.4
2022-07-19 14:25:47,506 [INFO] ThirdParty:981 - CMSIS Pack Vendor :STMicroelectronics X-CUBE-DISPLAY 2.2.0
2022-07-19 14:25:47,506 [INFO] ThirdParty:981 - CMSIS Pack Vendor :STMicroelectronics X-CUBE-TOF1 3.1.0
2022-07-19 14:25:47,508 [INFO] LoadServerUpdatesThread:367 - End of LoadServerUpdate Thread
2022-07-19 14:25:47,512 [INFO] LoadUrlFilesThread:150 - End of LoadUrlFiles Thread
2022-07-19 14:25:47,681 [WARN] MainUpdater:1184 - Updater busy. Cannot search thirdparties
2022-07-19 14:25:47,681 [INFO] ThirdPartyUpdaterWithRetryManager:96 - Updater plugin is busy. [6/15]
2022-07-19 14:25:47,770 [INFO] ServerAccessManage:474 - Download File cube-finder-db.zip
2022-07-19 14:25:50,554 [INFO] FileExtend:239 - Unzip File : cube-finder-db.zip
2022-07-19 14:25:50,554 [INFO] FileExtend:254 - Standard Zip Deflate
2022-07-19 14:25:50,691 [WARN] MainUpdater:1184 - Updater busy. Cannot search thirdparties
2022-07-19 14:25:50,691 [INFO] ThirdPartyUpdaterWithRetryManager:96 - Updater plugin is busy. [7/15]
2022-07-19 14:25:51,159 [INFO] LoadUrlFilesThread:150 - End of LoadUrlFiles Thread
2022-07-19 14:25:51,398 [INFO] ServerAccessManage:474 - Download File crdb.zip
2022-07-19 14:25:51,659 [INFO] FileExtend:239 - Unzip File : crdb.zip
2022-07-19 14:25:51,660 [INFO] FileExtend:254 - Standard Zip Deflate
2022-07-19 14:25:51,806 [INFO] LoadUrlFilesThread:150 - End of LoadUrlFiles Thread
2022-07-19 14:25:52,009 [INFO] ServerAccessManage:474 - Download File tutoVideoDB.zip
2022-07-19 14:25:52,029 [INFO] FileExtend:239 - Unzip File : tutoVideoDB.zip
2022-07-19 14:25:52,030 [INFO] FileExtend:254 - Standard Zip Deflate
2022-07-19 14:25:52,158 [INFO] LoadUrlFilesThread:150 - End of LoadUrlFiles Thread
2022-07-19 14:25:52,170 [INFO] JxBrowserEngine:106 - Initiate JxBrowser Engine with user profile folder
2022-07-19 14:25:52,428 [ERROR] JxBrowserEngine:59 - Can't initiate JxBrowser engine com.teamdev.jxbrowser.engine.ChromiumBinariesExtractionException: Failed to extract Chromium binaries into C:\Users\User\.stm32cubemx\.jxbrowser\Chromium
2022-07-19 14:25:52,429 [WARN] DbFile:40 - Overriding database path with different value: C:\Users\User\.stmcufinder\plugins\mcufinder/ => C:\Users\User\.stmcufinder\plugins\mcufinder
2022-07-19 14:25:52,492 [INFO] ServerAccessManage:474 - Download File api_config.json
2022-07-19 14:25:52,607 [INFO] LoadUrlFilesThread:150 - End of LoadUrlFiles Thread
2022-07-19 14:25:52,608 [INFO] DbMcusAds:52 - JSON generation date=Thu Sep 30 09:55:09 MSK 2021 (1632984909377)
2022-07-19 14:25:52,694 [INFO] ServerAccessManage:474 - Download File 
2022-07-19 14:25:52,752 [INFO] LoadUrlFilesThread:177 - End of LoadServerUrlFiles without Thread
2022-07-19 14:25:52,753 [INFO] TargetSelectorAdapter:228 - Refresh data is successful
2022-07-19 14:25:52,860 [INFO] ApiDb:576 - Connected to CubeFinder SQLite database (C:\Users\User\.stmcufinder\plugins\mcufinder\mcu\cube-finder-db.db)
2022-07-19 14:25:52,884 [INFO] ApiDb:663 - CubeFinder database Data Model version=2.1
2022-07-19 14:25:52,884 [INFO] ApiDb:664 - CubeFinder database Configuration version=3.0.32
2022-07-19 14:25:52,884 [INFO] ApiDb:665 - CubeFinder database generation date=2022-07-13 (1657716335)
2022-07-19 14:25:52,884 [INFO] ApiDb:666 - CubeFinder database FW Pack versions=[STM32Cube_FW_C0_V1.0.0, STM32Cube_FW_F4_V1.27.1, STM32Cube_FW_F7_V1.17.0, STM32Cube_FW_G0_V1.6.1, STM32Cube_FW_G4_V1.5.0, STM32Cube_FW_H7_V1.10.0, STM32Cube_FW_L5_V1.4.0, STM32Cube_FW_U5_V1.1.1, STM32Cube_FW_WB_V1.14.0, STM32Cube_FW_WL_V1.2.0, X-CUBE-ALGOBUILD_V1.3.0, X-CUBE-ALS_V1.0.1, X-CUBE-AZRTOS-F4_V1.0.0, X-CUBE-AZRTOS-F7_V1.1.0, X-CUBE-AZRTOS-G0_V1.1.0, X-CUBE-AZRTOS-G4_V1.0.0, X-CUBE-AZRTOS-H7_V2.1.0, X-CUBE-AZRTOS-L4_V1.0.0, X-CUBE-AZRTOS-L5_V1.0.0, X-CUBE-AZRTOS-WL_V1.0.0, X-CUBE-BLE1_V6.2.3, X-CUBE-BLE2_V3.3.0, X-CUBE-EEPRMA1_V3.1.1, X-CUBE-GNSS1_V6.0.0, X-CUBE-MEMS1_V9.1.0, X-CUBE-NFC4_V2.0.3, X-CUBE-NFC7_V1.0.0, X-CUBE-SFXS2LP1_V3.1.0, X-CUBE-SUBG2_V5.0.0]
2022-07-19 14:25:53,803 [WARN] PackLoader:242 - Cannot read IP mode file for STMicroelectronics.X-CUBE-GNSS1.6.0.0
2022-07-19 14:25:53,833 [WARN] PackLoader:242 - Cannot read IP mode file for STMicroelectronics.X-CUBE-MEMS1.9.2.0
2022-07-19 14:25:53,941 [WARN] PackLoader:242 - Cannot read IP mode file for STMicroelectronics.X-CUBE-AZRTOS-F7.1.1.0
2022-07-19 14:25:53,947 [WARN] PackLoader:242 - Cannot read IP mode file for STMicroelectronics.X-CUBE-BLE1.6.2.3
2022-07-19 14:25:53,952 [WARN] PackLoader:242 - Cannot read IP mode file for STMicroelectronics.X-CUBE-NFC4.2.0.4
2022-07-19 14:25:53,959 [WARN] PackLoader:242 - Cannot read IP mode file for STMicroelectronics.X-CUBE-TOF1.3.1.0
2022-07-19 14:25:53,976 [WARN] PackLoader:242 - Cannot read IP mode file for STMicroelectronics.X-CUBE-AZRTOS-F4.1.0.0
2022-07-19 14:25:53,984 [WARN] PackLoader:242 - Cannot read IP mode file for STMicroelectronics.X-CUBE-NFC7.1.0.0
2022-07-19 14:25:53,992 [WARN] PackLoader:242 - Cannot read IP mode file for STMicroelectronics.X-CUBE-AI.7.2.0
2022-07-19 14:25:54,000 [WARN] PackLoader:242 - Cannot read IP mode file for STMicroelectronics.X-CUBE-SFXS2LP1.4.0.0
2022-07-19 14:25:54,005 [WARN] PackLoader:242 - Cannot read IP mode file for STMicroelectronics.X-CUBE-BLE2.3.3.0
2022-07-19 14:25:54,011 [WARN] PackLoader:242 - Cannot read IP mode file for STMicroelectronics.X-CUBE-DISPLAY.2.2.0
2022-07-19 14:25:54,019 [WARN] PackLoader:242 - Cannot read IP mode file for RoweBots.I-CUBE-UNISONRTOS.5.5.0-4
2022-07-19 14:25:54,034 [WARN] PackLoader:242 - Cannot read IP mode file for STMicroelectronics.X-CUBE-AZRTOS-H7.2.1.0
2022-07-19 14:25:54,041 [WARN] PackLoader:242 - Cannot read IP mode file for wolfSSL.I-CUBE-wolfSSL.5.4.0
2022-07-19 14:25:54,048 [WARN] PackLoader:242 - Cannot read IP mode file for STMicroelectronics.X-CUBE-ALGOBUILD.1.3.0
2022-07-19 14:25:54,061 [WARN] PackLoader:242 - Cannot read IP mode file for STMicroelectronics.X-CUBE-AZRTOS-G0.1.1.0
2022-07-19 14:25:54,072 [WARN] PackLoader:242 - Cannot read IP mode file for STMicroelectronics.X-CUBE-SUBG2.5.0.0
2022-07-19 14:25:54,121 [WARN] PackLoader:242 - Cannot read IP mode file for SEGGER.I-CUBE-embOS.1.2.0
2022-07-19 14:25:54,149 [WARN] PackLoader:242 - Cannot read IP mode file for STMicroelectronics.FP-ATR-ASTRA1.1.1.0
2022-07-19 14:25:54,158 [WARN] PackLoader:242 - Cannot read IP mode file for STMicroelectronics.X-CUBE-AZRTOS-G4.1.0.0
2022-07-19 14:25:54,172 [WARN] PackLoader:242 - Cannot read IP mode file for STMicroelectronics.X-CUBE-AZRTOS-L4.1.0.0
2022-07-19 14:25:54,180 [WARN] PackLoader:242 - Cannot read IP mode file for emotas.I-CUBE-CANOPEN.1.1.2
2022-07-19 14:25:54,183 [WARN] PackLoader:242 - Cannot read IP mode file for STMicroelectronics.X-CUBE-TOUCHGFX.4.20.0
2022-07-19 14:25:54,191 [WARN] PackLoader:242 - Cannot read IP mode file for STMicroelectronics.X-CUBE-AZRTOS-WL.1.0.0
2022-07-19 14:25:54,197 [WARN] PackLoader:242 - Cannot read IP mode file for portGmbH.I-Cube-SoM-uGOAL.1.1.0
2022-07-19 14:25:54,201 [WARN] PackLoader:242 - Cannot read IP mode file for STMicroelectronics.X-CUBE-ALS.1.0.1
2022-07-19 14:25:54,213 [WARN] PackLoader:242 - Cannot read IP mode file for STMicroelectronics.X-CUBE-AZRTOS-L5.1.0.0
2022-07-19 14:25:54,219 [WARN] PackLoader:242 - Cannot read IP mode file for STMicroelectronics.X-CUBE-EEPRMA1.3.1.1
2022-07-19 14:25:54,221 [INFO] ThirdParty:929 - Integrity check success = true
2022-07-19 14:25:54,221 [INFO] IntegrityCheckThread:98 - exiting critical section [integrity check]
2022-07-19 14:25:54,221 [INFO] IntegrityCheckThread:101 - End integrity checks thread
2022-07-19 14:25:54,584 [INFO] ApiDb:239 - Found 138 in-development CPN: [B-WB1M-WPAN1, NUCLEO-C031C6, STEVAL-STWINBX1, STM320518-EVAL, STM32C0116-DK, STM32C011D6Y3TR, STM32C011D6Y6TR, STM32C011F4P3, STM32C011F4P6, STM32C011F4U3, STM32C011F4U6TR, STM32C011F6P3, STM32C011F6P6, STM32C011F6U3, STM32C011F6U6TR, STM32C011J4M3, STM32C011J4M6, STM32C011J6M3, STM32C011J6M6, STM32C0316-DK, STM32C031C4T3, STM32C031C4T6, STM32C031C4U3, STM32C031C4U6, STM32C031C6T3, STM32C031C6T6, STM32C031C6U3, STM32C031C6U6, STM32C031F4P3, STM32C031F4P6, STM32C031F6P3, STM32C031F6P6, STM32C031G4U3, STM32C031G4U6, STM32C031G6U3, STM32C031G6U6, STM32C031K4T3, STM32C031K4T6, STM32C031K4U3, STM32C031K4U6, STM32C031K6T3, STM32C031K6T6, STM32C031K6U3, STM32C031K6U6, STM32G071K8TXN, STM32G071K8UXN, STM32G081GBU6N, STM32G081KBT6N, STM32G081KBUXN, STM32G0B1CCT6N, STM32G0B1KCT6, STM32G0B1NEY6TR, STM32G0B1RCT6N, STM32G0C1CCT6, STM32G0C1CCT6N, STM32G0C1CCU6N, STM32G0C1CET6N, STM32G0C1CEU6N, STM32G0C1KCT6, STM32G0C1NEY6TR, STM32G0C1RCI6N, STM32G0C1RCT6N, STM32G0C1REI6N, STM32G0C1RET6N, STM32G0C1VCI6, STM32G0C1VEI6, STM32G471CCT6, STM32G471CCU6, STM32G471CET3, STM32G471CET6, STM32G471CEU3, STM32G471CEU6, STM32G471MCT6, STM32G471MET3, STM32G471MET6, STM32G471MEY6TR, STM32G471QCT6, STM32G471QET3, STM32G471RCT6, STM32G471RET3, STM32G471RET6, STM32G471VCH6, STM32G471VCI6, STM32G471VCT6, STM32G471VEH3, STM32G471VEH6, STM32G471VEI3, STM32G471VEI6, STM32G471VET3, STM32G471VET6, STM32G474CCT6, STM32L476VGY6PTR, STM32L4R5QGI6STR, STM32MP131AAE3, STM32MP131AAF3, STM32MP131AAG3, STM32MP131CAE3, STM32MP131CAF3, STM32MP131CAG3, STM32MP131DAE7, STM32MP131DAF7, STM32MP131DAG7, STM32MP131FAE7, STM32MP131FAF7, STM32MP131FAG7, STM32MP133AAE3, STM32MP133AAF3, STM32MP133AAG3, STM32MP133CAE3, STM32MP133CAF3, STM32MP133CAG3, STM32MP133DAE7, STM32MP133DAF7, STM32MP133DAG7, STM32MP133FAE7, STM32MP133FAF7, STM32MP133FAG7, STM32MP135AAE3, STM32MP135AAF3, STM32MP135AAG3, STM32MP135CAE3, STM32MP135CAF3, STM32MP135CAG3, STM32MP135DAE7, STM32MP135DAF7, STM32MP135DAG7, STM32MP135F-DK, STM32MP135FAE7, STM32MP135FAF7, STM32MP135FAG7, STM32U595ZJT6Q, STM32U599BJY6QTR, STM32U599NIH6Q, STM32U599NJH6Q, STM32U5A5ZJT6Q, STM32U5A9BJY6QTR, STM32U5A9NJH6Q, STM32WB1MMCH6]
2022-07-19 14:25:54,590 [INFO] DbMcus:215 - Found 3542 MCUs, 3542 are supported
2022-07-19 14:25:54,591 [INFO] ApiDb:409 - User favorites file not found: C:\Users\User/.stm32cubeide/favorites.mcus.txt
2022-07-19 14:25:54,591 [INFO] DbMcus:221 - Set 0 / 0 favorites MCUs
2022-07-19 14:25:54,594 [INFO] ApiDb:663 - CubeFinder database Data Model version=2.1
2022-07-19 14:25:54,594 [INFO] ApiDb:664 - CubeFinder database Configuration version=3.0.32
2022-07-19 14:25:54,594 [INFO] ApiDb:665 - CubeFinder database generation date=2022-07-13 (1657716335)
2022-07-19 14:25:54,595 [INFO] ApiDb:666 - CubeFinder database FW Pack versions=[STM32Cube_FW_C0_V1.0.0, STM32Cube_FW_F4_V1.27.1, STM32Cube_FW_F7_V1.17.0, STM32Cube_FW_G0_V1.6.1, STM32Cube_FW_G4_V1.5.0, STM32Cube_FW_H7_V1.10.0, STM32Cube_FW_L5_V1.4.0, STM32Cube_FW_U5_V1.1.1, STM32Cube_FW_WB_V1.14.0, STM32Cube_FW_WL_V1.2.0, X-CUBE-ALGOBUILD_V1.3.0, X-CUBE-ALS_V1.0.1, X-CUBE-AZRTOS-F4_V1.0.0, X-CUBE-AZRTOS-F7_V1.1.0, X-CUBE-AZRTOS-G0_V1.1.0, X-CUBE-AZRTOS-G4_V1.0.0, X-CUBE-AZRTOS-H7_V2.1.0, X-CUBE-AZRTOS-L4_V1.0.0, X-CUBE-AZRTOS-L5_V1.0.0, X-CUBE-AZRTOS-WL_V1.0.0, X-CUBE-BLE1_V6.2.3, X-CUBE-BLE2_V3.3.0, X-CUBE-EEPRMA1_V3.1.1, X-CUBE-GNSS1_V6.0.0, X-CUBE-MEMS1_V9.1.0, X-CUBE-NFC4_V2.0.3, X-CUBE-NFC7_V1.0.0, X-CUBE-SFXS2LP1_V3.1.0, X-CUBE-SUBG2_V5.0.0]
2022-07-19 14:25:54,648 [INFO] DbBoardsSqlite:227 - include board P-NUCLEO-WB55-NUCLEO as a kit item of type 'Nucleo-64'
2022-07-19 14:25:54,649 [INFO] DbBoardsSqlite:227 - include board P-NUCLEO-WB55-USBDONGLE as a kit item of type 'Nucleo USB Dongle'
2022-07-19 14:25:54,649 [INFO] DbBoardsSqlite:227 - include board STEVAL-IDP005V1 as a kit item of type 'Evaluation Board'
2022-07-19 14:25:54,649 [INFO] DbBoardsSqlite:227 - include board STEVAL-IDP005V2 as a kit item of type 'Evaluation Board'
2022-07-19 14:25:54,657 [INFO] ApiDb:239 - Found 138 in-development CPN: [B-WB1M-WPAN1, NUCLEO-C031C6, STEVAL-STWINBX1, STM320518-EVAL, STM32C0116-DK, STM32C011D6Y3TR, STM32C011D6Y6TR, STM32C011F4P3, STM32C011F4P6, STM32C011F4U3, STM32C011F4U6TR, STM32C011F6P3, STM32C011F6P6, STM32C011F6U3, STM32C011F6U6TR, STM32C011J4M3, STM32C011J4M6, STM32C011J6M3, STM32C011J6M6, STM32C0316-DK, STM32C031C4T3, STM32C031C4T6, STM32C031C4U3, STM32C031C4U6, STM32C031C6T3, STM32C031C6T6, STM32C031C6U3, STM32C031C6U6, STM32C031F4P3, STM32C031F4P6, STM32C031F6P3, STM32C031F6P6, STM32C031G4U3, STM32C031G4U6, STM32C031G6U3, STM32C031G6U6, STM32C031K4T3, STM32C031K4T6, STM32C031K4U3, STM32C031K4U6, STM32C031K6T3, STM32C031K6T6, STM32C031K6U3, STM32C031K6U6, STM32G071K8TXN, STM32G071K8UXN, STM32G081GBU6N, STM32G081KBT6N, STM32G081KBUXN, STM32G0B1CCT6N, STM32G0B1KCT6, STM32G0B1NEY6TR, STM32G0B1RCT6N, STM32G0C1CCT6, STM32G0C1CCT6N, STM32G0C1CCU6N, STM32G0C1CET6N, STM32G0C1CEU6N, STM32G0C1KCT6, STM32G0C1NEY6TR, STM32G0C1RCI6N, STM32G0C1RCT6N, STM32G0C1REI6N, STM32G0C1RET6N, STM32G0C1VCI6, STM32G0C1VEI6, STM32G471CCT6, STM32G471CCU6, STM32G471CET3, STM32G471CET6, STM32G471CEU3, STM32G471CEU6, STM32G471MCT6, STM32G471MET3, STM32G471MET6, STM32G471MEY6TR, STM32G471QCT6, STM32G471QET3, STM32G471RCT6, STM32G471RET3, STM32G471RET6, STM32G471VCH6, STM32G471VCI6, STM32G471VCT6, STM32G471VEH3, STM32G471VEH6, STM32G471VEI3, STM32G471VEI6, STM32G471VET3, STM32G471VET6, STM32G474CCT6, STM32L476VGY6PTR, STM32L4R5QGI6STR, STM32MP131AAE3, STM32MP131AAF3, STM32MP131AAG3, STM32MP131CAE3, STM32MP131CAF3, STM32MP131CAG3, STM32MP131DAE7, STM32MP131DAF7, STM32MP131DAG7, STM32MP131FAE7, STM32MP131FAF7, STM32MP131FAG7, STM32MP133AAE3, STM32MP133AAF3, STM32MP133AAG3, STM32MP133CAE3, STM32MP133CAF3, STM32MP133CAG3, STM32MP133DAE7, STM32MP133DAF7, STM32MP133DAG7, STM32MP133FAE7, STM32MP133FAF7, STM32MP133FAG7, STM32MP135AAE3, STM32MP135AAF3, STM32MP135AAG3, STM32MP135CAE3, STM32MP135CAF3, STM32MP135CAG3, STM32MP135DAE7, STM32MP135DAF7, STM32MP135DAG7, STM32MP135F-DK, STM32MP135FAE7, STM32MP135FAF7, STM32MP135FAG7, STM32U595ZJT6Q, STM32U599BJY6QTR, STM32U599NIH6Q, STM32U599NJH6Q, STM32U5A5ZJT6Q, STM32U5A9BJY6QTR, STM32U5A9NJH6Q, STM32WB1MMCH6]
2022-07-19 14:25:54,757 [INFO] BoardInfo:879 - No configuration file found for board P-NUCLEO-WB55
2022-07-19 14:25:54,757 [INFO] DbBoards:156 - Kit is not supported: P-NUCLEO-WB55
2022-07-19 14:25:54,761 [INFO] BoardInfo:879 - No configuration file found for board STEVAL-BFA001V1B
2022-07-19 14:25:54,761 [INFO] DbBoards:156 - Kit is not supported: STEVAL-BFA001V1B
2022-07-19 14:25:54,762 [INFO] BoardInfo:879 - No configuration file found for board STEVAL-BFA001V2B
2022-07-19 14:25:54,763 [INFO] DbBoards:156 - Kit is not supported: STEVAL-BFA001V2B
2022-07-19 14:25:54,881 [INFO] DbBoards:160 - Found 176 boards, 173 are supported
2022-07-19 14:25:54,888 [INFO] ApiDb:409 - User favorites file not found: C:\Users\User/.stm32cubeide/favorites.boards.txt
2022-07-19 14:25:54,888 [INFO] DbBoards:189 - Set 0 / 0 favorites Boards
2022-07-19 14:25:54,891 [INFO] ApiDb:663 - CubeFinder database Data Model version=2.1
2022-07-19 14:25:54,892 [INFO] ApiDb:664 - CubeFinder database Configuration version=3.0.32
2022-07-19 14:25:54,892 [INFO] ApiDb:665 - CubeFinder database generation date=2022-07-13 (1657716335)
2022-07-19 14:25:54,892 [INFO] ApiDb:666 - CubeFinder database FW Pack versions=[STM32Cube_FW_C0_V1.0.0, STM32Cube_FW_F4_V1.27.1, STM32Cube_FW_F7_V1.17.0, STM32Cube_FW_G0_V1.6.1, STM32Cube_FW_G4_V1.5.0, STM32Cube_FW_H7_V1.10.0, STM32Cube_FW_L5_V1.4.0, STM32Cube_FW_U5_V1.1.1, STM32Cube_FW_WB_V1.14.0, STM32Cube_FW_WL_V1.2.0, X-CUBE-ALGOBUILD_V1.3.0, X-CUBE-ALS_V1.0.1, X-CUBE-AZRTOS-F4_V1.0.0, X-CUBE-AZRTOS-F7_V1.1.0, X-CUBE-AZRTOS-G0_V1.1.0, X-CUBE-AZRTOS-G4_V1.0.0, X-CUBE-AZRTOS-H7_V2.1.0, X-CUBE-AZRTOS-L4_V1.0.0, X-CUBE-AZRTOS-L5_V1.0.0, X-CUBE-AZRTOS-WL_V1.0.0, X-CUBE-BLE1_V6.2.3, X-CUBE-BLE2_V3.3.0, X-CUBE-EEPRMA1_V3.1.1, X-CUBE-GNSS1_V6.0.0, X-CUBE-MEMS1_V9.1.0, X-CUBE-NFC4_V2.0.3, X-CUBE-NFC7_V1.0.0, X-CUBE-SFXS2LP1_V3.1.0, X-CUBE-SUBG2_V5.0.0]
2022-07-19 14:25:55,573 [INFO] DbExamplesSqlite:374 - Ignored 31 examples not supported by CubeIDE
2022-07-19 14:25:55,573 [INFO] DbExamplesSqlite:375 - Found 6203 examples active
2022-07-19 14:25:55,573 [INFO] DbExamplesSqlite:376 - Found 0 examples obsolete
2022-07-19 14:25:55,574 [INFO] DbExamplesSqlite:377 - Found 0 examples under development
2022-07-19 14:25:55,574 [INFO] DbExamplesSqlite:378 - Found 76 examples not building
2022-07-19 14:25:55,576 [INFO] DbExamples:124 - Found 6248 examples
2022-07-19 14:25:55,593 [INFO] DbExamples:221 - Found 77 boards with related examples
2022-07-19 14:25:55,595 [INFO] DbExamples:234 - Found 64 MCUs with related examples
2022-07-19 14:25:55,626 [INFO] ApiDb:409 - User favorites file not found: C:\Users\User/.stm32cubeide/favorites.examples.txt
2022-07-19 14:25:55,626 [INFO] DbExamples:249 - Set 0 / 0 favorites Examples
2022-07-19 14:25:56,026 [INFO] McuFinderGlobals:57 - Set McuFinderConnectedMode to true
2022-07-19 14:25:56,036 [INFO] MultiScanPanel:195 - Auto-refresh data requested => check proxy status ongoing
2022-07-19 14:25:56,039 [INFO] FinderPluginLoader:92 - Searching for filters in installed packs
2022-07-19 14:25:57,568 [INFO] LoadUrlFilesThread:177 - End of LoadServerUrlFiles without Thread
2022-07-19 14:25:57,674 [INFO] DetailPanel:339 - Set advertising image to C:/Users/User/STM32Cube/Repository/\en.Prom_NBSTM32U50921.jpg
2022-07-19 14:32:06,532 [INFO] McuFinderGlobals:57 - Set McuFinderConnectedMode to true
2022-07-19 14:32:06,536 [INFO] ApiDb:443 - Save user favorites file C:\Users\User/.stm32cubeide/favorites.mcus.txt: 0 item(s)
2022-07-19 14:32:06,537 [INFO] ApiDb:447 - User favorites MCUs=[]
2022-07-19 15:00:05,132 [ERROR] LogOutputStream:74 - [STDERR_REDIRECT] 
2022-07-20 10:14:45,662 [INFO] Activator:177 - 


2022-07-20 10:14:45,662 [INFO] Activator:178 - !SESSION log4j initialized
2022-07-20 10:16:14,351 [INFO] Activator:177 - 


2022-07-20 10:16:14,351 [INFO] Activator:178 - !SESSION log4j initialized
2022-07-20 10:16:40,753 [ERROR] LogOutputStream:74 - [STDERR_REDIRECT] SLF4J: Failed to load class "org.slf4j.impl.StaticLoggerBinder".
2022-07-20 10:16:40,753 [ERROR] LogOutputStream:74 - [STDERR_REDIRECT] SLF4J: Defaulting to no-operation (NOP) logger implementation
2022-07-20 10:16:40,753 [ERROR] LogOutputStream:74 - [STDERR_REDIRECT] SLF4J: See http://www.slf4j.org/codes.html#StaticLoggerBinder for further details.
2022-07-20 10:28:53,831 [INFO] Activator:177 - 


2022-07-20 10:28:53,831 [INFO] Activator:178 - !SESSION log4j initialized
2022-07-20 10:29:21,172 [ERROR] LogOutputStream:74 - [STDERR_REDIRECT] SLF4J: Failed to load class "org.slf4j.impl.StaticLoggerBinder".
2022-07-20 10:29:21,172 [ERROR] LogOutputStream:74 - [STDERR_REDIRECT] SLF4J: Defaulting to no-operation (NOP) logger implementation
2022-07-20 10:29:21,172 [ERROR] LogOutputStream:74 - [STDERR_REDIRECT] SLF4J: See http://www.slf4j.org/codes.html#StaticLoggerBinder for further details.
2022-07-21 11:15:37,282 [INFO] Activator:177 - 


2022-07-21 11:15:37,282 [INFO] Activator:178 - !SESSION log4j initialized
2022-07-21 11:16:05,243 [ERROR] LogOutputStream:74 - [STDERR_REDIRECT] SLF4J: Failed to load class "org.slf4j.impl.StaticLoggerBinder".
2022-07-21 11:16:05,243 [ERROR] LogOutputStream:74 - [STDERR_REDIRECT] SLF4J: Defaulting to no-operation (NOP) logger implementation
2022-07-21 11:16:05,243 [ERROR] LogOutputStream:74 - [STDERR_REDIRECT] SLF4J: See http://www.slf4j.org/codes.html#StaticLoggerBinder for further details.
